<?xml version="1.0" encoding="UTF-8"?>
<testsuite xmlns:xsi="http://www.w3.org/2001/XMLSchema-instance" xsi:noNamespaceSchemaLocation="https://maven.apache.org/surefire/maven-surefire-plugin/xsd/surefire-test-report.xsd" name="com.vaannila.TestClass2" time="0.001" tests="5" errors="0" skipped="0" failures="0">
  <properties>
    <property name="awt.toolkit" value="sun.awt.X11.XToolkit"/>
    <property name="java.specification.version" value="11"/>
    <property name="sun.cpu.isalist" value=""/>
    <property name="sun.jnu.encoding" value="UTF-8"/>
    <property name="java.class.path" value="/home/Aastha/AntExampleMaven/target/test-classes:/home/Aastha/AntExampleMaven/target/classes:/home/Aastha/.m2/repository/junit/junit/4.12/junit-4.12.jar:/home/Aastha/.m2/repository/org/hamcrest/hamcrest-core/1.3/hamcrest-core-1.3.jar:/home/Aastha/.m2/repository/org/hamcrest/hamcrest-library/1.3/hamcrest-library-1.3.jar:/home/Aastha/.m2/repository/org/apache/tomcat/maven/tomcat7-maven-plugin/2.2/tomcat7-maven-plugin-2.2.jar:/home/Aastha/.m2/repository/org/apache/tomcat/embed/tomcat-embed-core/7.0.47/tomcat-embed-core-7.0.47.jar:/home/Aastha/.m2/repository/org/apache/tomcat/tomcat-util/7.0.47/tomcat-util-7.0.47.jar:/home/Aastha/.m2/repository/org/apache/tomcat/tomcat-coyote/7.0.47/tomcat-coyote-7.0.47.jar:/home/Aastha/.m2/repository/org/apache/tomcat/tomcat-api/7.0.47/tomcat-api-7.0.47.jar:/home/Aastha/.m2/repository/org/apache/tomcat/tomcat-jdbc/7.0.47/tomcat-jdbc-7.0.47.jar:/home/Aastha/.m2/repository/org/apache/tomcat/tomcat-dbcp/7.0.47/tomcat-dbcp-7.0.47.jar:/home/Aastha/.m2/repository/org/apache/tomcat/tomcat-servlet-api/7.0.47/tomcat-servlet-api-7.0.47.jar:/home/Aastha/.m2/repository/org/apache/tomcat/tomcat-jsp-api/7.0.47/tomcat-jsp-api-7.0.47.jar:/home/Aastha/.m2/repository/org/apache/tomcat/tomcat-jasper/7.0.47/tomcat-jasper-7.0.47.jar:/home/Aastha/.m2/repository/org/apache/tomcat/tomcat-jasper-el/7.0.47/tomcat-jasper-el-7.0.47.jar:/home/Aastha/.m2/repository/org/apache/tomcat/tomcat-el-api/7.0.47/tomcat-el-api-7.0.47.jar:/home/Aastha/.m2/repository/org/apache/tomcat/tomcat-catalina/7.0.47/tomcat-catalina-7.0.47.jar:/home/Aastha/.m2/repository/org/apache/tomcat/tomcat-tribes/7.0.47/tomcat-tribes-7.0.47.jar:/home/Aastha/.m2/repository/org/apache/tomcat/tomcat-catalina-ha/7.0.47/tomcat-catalina-ha-7.0.47.jar:/home/Aastha/.m2/repository/org/apache/tomcat/tomcat-annotations-api/7.0.47/tomcat-annotations-api-7.0.47.jar:/home/Aastha/.m2/repository/org/apache/tomcat/tomcat-juli/7.0.47/tomcat-juli-7.0.47.jar:/home/Aastha/.m2/repository/org/apache/tomcat/embed/tomcat-embed-logging-juli/7.0.47/tomcat-embed-logging-juli-7.0.47.jar:/home/Aastha/.m2/repository/org/apache/tomcat/embed/tomcat-embed-logging-log4j/7.0.47/tomcat-embed-logging-log4j-7.0.47.jar:/home/Aastha/.m2/repository/org/eclipse/jdt/core/compiler/ecj/4.2.2/ecj-4.2.2.jar:/home/Aastha/.m2/repository/org/apache/tomcat/maven/common-tomcat-maven-plugin/2.2/common-tomcat-maven-plugin-2.2.jar:/home/Aastha/.m2/repository/org/apache/maven/maven-project/2.2.1/maven-project-2.2.1.jar:/home/Aastha/.m2/repository/org/apache/maven/maven-profile/2.2.1/maven-profile-2.2.1.jar:/home/Aastha/.m2/repository/org/apache/maven/maven-artifact-manager/2.2.1/maven-artifact-manager-2.2.1.jar:/home/Aastha/.m2/repository/org/apache/maven/wagon/wagon-provider-api/1.0-beta-6/wagon-provider-api-1.0-beta-6.jar:/home/Aastha/.m2/repository/backport-util-concurrent/backport-util-concurrent/3.1/backport-util-concurrent-3.1.jar:/home/Aastha/.m2/repository/org/apache/maven/maven-plugin-registry/2.2.1/maven-plugin-registry-2.2.1.jar:/home/Aastha/.m2/repository/com/google/guava/guava/10.0.1/guava-10.0.1.jar:/home/Aastha/.m2/repository/com/google/code/findbugs/jsr305/1.3.9/jsr305-1.3.9.jar:/home/Aastha/.m2/repository/org/apache/httpcomponents/httpclient/4.3.1/httpclient-4.3.1.jar:/home/Aastha/.m2/repository/org/apache/httpcomponents/httpcore/4.3/httpcore-4.3.jar:/home/Aastha/.m2/repository/org/codehaus/plexus/plexus-component-annotations/1.5.5/plexus-component-annotations-1.5.5.jar:/home/Aastha/.m2/repository/commons-codec/commons-codec/1.6/commons-codec-1.6.jar:/home/Aastha/.m2/repository/org/apache/tomcat/maven/tomcat7-war-runner/2.2/tomcat7-war-runner-2.2.jar:/home/Aastha/.m2/repository/commons-cli/commons-cli/1.2/commons-cli-1.2.jar:/home/Aastha/.m2/repository/org/apache/maven/maven-plugin-api/2.2.1/maven-plugin-api-2.2.1.jar:/home/Aastha/.m2/repository/org/apache/maven/maven-archiver/2.4.2/maven-archiver-2.4.2.jar:/home/Aastha/.m2/repository/org/apache/maven/maven-artifact/2.0.6/maven-artifact-2.0.6.jar:/home/Aastha/.m2/repository/org/apache/maven/maven-model/2.0.6/maven-model-2.0.6.jar:/home/Aastha/.m2/repository/org/codehaus/plexus/plexus-classworlds/2.2.2/plexus-classworlds-2.2.2.jar:/home/Aastha/.m2/repository/commons-io/commons-io/2.2/commons-io-2.2.jar:/home/Aastha/.m2/repository/commons-lang/commons-lang/2.6/commons-lang-2.6.jar:/home/Aastha/.m2/repository/org/apache/commons/commons-compress/1.4.1/commons-compress-1.4.1.jar:/home/Aastha/.m2/repository/org/tukaani/xz/1.0/xz-1.0.jar:/home/Aastha/.m2/repository/org/codehaus/plexus/plexus-archiver/2.1.1/plexus-archiver-2.1.1.jar:/home/Aastha/.m2/repository/org/codehaus/plexus/plexus-container-default/1.0-alpha-9-stable-1/plexus-container-default-1.0-alpha-9-stable-1.jar:/home/Aastha/.m2/repository/classworlds/classworlds/1.1-alpha-2/classworlds-1.1-alpha-2.jar:/home/Aastha/.m2/repository/org/codehaus/plexus/plexus-io/2.0.3/plexus-io-2.0.3.jar:/home/Aastha/.m2/repository/org/codehaus/plexus/plexus-utils/3.0.15/plexus-utils-3.0.15.jar:/home/Aastha/.m2/repository/org/apache/maven/shared/maven-filtering/1.0/maven-filtering-1.0.jar:/home/Aastha/.m2/repository/org/apache/maven/maven-monitor/2.0.6/maven-monitor-2.0.6.jar:/home/Aastha/.m2/repository/org/apache/maven/maven-settings/2.0.6/maven-settings-2.0.6.jar:/home/Aastha/.m2/repository/org/sonatype/plexus/plexus-build-api/0.0.4/plexus-build-api-0.0.4.jar:/home/Aastha/.m2/repository/org/slf4j/jcl-over-slf4j/1.7.5/jcl-over-slf4j-1.7.5.jar:/home/Aastha/.m2/repository/org/slf4j/slf4j-api/1.7.5/slf4j-api-1.7.5.jar:/home/Aastha/.m2/repository/javax/servlet/javax.servlet-api/3.1.0/javax.servlet-api-3.1.0.jar:/home/Aastha/.m2/repository/org/springframework/spring-tx/3.0.0.RELEASE/spring-tx-3.0.0.RELEASE.jar:/home/Aastha/.m2/repository/aopalliance/aopalliance/1.0/aopalliance-1.0.jar:/home/Aastha/.m2/repository/org/springframework/spring-aop/3.0.0.RELEASE/spring-aop-3.0.0.RELEASE.jar:/home/Aastha/.m2/repository/org/springframework/spring-core/3.0.0.RELEASE/spring-core-3.0.0.RELEASE.jar:/home/Aastha/.m2/repository/org/antlr/antlr-runtime/3.0/antlr-runtime-3.0.jar:/home/Aastha/.m2/repository/commons-logging/commons-logging/1.0.4/commons-logging-1.0.4.jar:/home/Aastha/.m2/repository/org/springframework/spring-beans/3.0.0.M3/spring-beans-3.0.0.M3.jar:/home/Aastha/.m2/repository/org/springframework/org.springframework.core/3.0.0.M3/org.springframework.core-3.0.0.M3.jar:/home/Aastha/.m2/repository/org/apache/commons/com.springsource.org.apache.commons.logging/1.1.1/com.springsource.org.apache.commons.logging-1.1.1.jar:/home/Aastha/.m2/repository/org/springframework/spring-context/3.0.0.M3/spring-context-3.0.0.M3.jar:/home/Aastha/.m2/repository/org/springframework/spring-expression/3.0.0.M3/spring-expression-3.0.0.M3.jar:/home/Aastha/.m2/repository/org/antlr/antlr/3.0.1/antlr-3.0.1.jar:/home/Aastha/.m2/repository/org/antlr/stringtemplate/3.1-b1/stringtemplate-3.1-b1.jar:/home/Aastha/.m2/repository/antlr/antlr/2.7.7/antlr-2.7.7.jar:/home/Aastha/.m2/repository/org/springframework/spring-jdbc/3.0.0.M3/spring-jdbc-3.0.0.M3.jar:/home/Aastha/.m2/repository/org/springframework/spring-asm/3.0.0.M3/spring-asm-3.0.0.M3.jar:/home/Aastha/.m2/repository/org/springframework/org.springframework.web.servlet/3.0.0.M3/org.springframework.web.servlet-3.0.0.M3.jar:/home/Aastha/.m2/repository/org/springframework/org.springframework.beans/3.0.0.M3/org.springframework.beans-3.0.0.M3.jar:/home/Aastha/.m2/repository/org/springframework/org.springframework.context/3.0.0.M3/org.springframework.context-3.0.0.M3.jar:/home/Aastha/.m2/repository/org/springframework/org.springframework.asm/3.0.0.M3/org.springframework.asm-3.0.0.M3.jar:/home/Aastha/.m2/repository/org/springframework/org.springframework.expression/3.0.0.M3/org.springframework.expression-3.0.0.M3.jar:/home/Aastha/.m2/repository/org/antlr/com.springsource.org.antlr/3.0.1/com.springsource.org.antlr-3.0.1.jar:/home/Aastha/.m2/repository/org/springframework/spring-context-support/3.0.0.M3/spring-context-support-3.0.0.M3.jar:/home/Aastha/.m2/repository/javax/transaction/jta/1.1/jta-1.1.jar:/home/Aastha/.m2/repository/org/springframework/org.springframework.web/3.0.0.M3/org.springframework.web-3.0.0.M3.jar:/home/Aastha/.m2/repository/org/aopalliance/com.springsource.org.aopalliance/1.0.0/com.springsource.org.aopalliance-1.0.0.jar:/home/Aastha/.m2/repository/org/springframework/org.springframework.aop/3.0.0.M3/org.springframework.aop-3.0.0.M3.jar:/home/Aastha/.m2/repository/org/springframework/org.springframework.oxm/3.0.0.M3/org.springframework.oxm-3.0.0.M3.jar:/home/Aastha/.m2/repository/org/apache/maven/plugins/maven-war-plugin/3.2.3/maven-war-plugin-3.2.3.jar:/home/Aastha/.m2/repository/org/apache/maven/maven-core/3.0/maven-core-3.0.jar:/home/Aastha/.m2/repository/org/apache/maven/maven-settings-builder/3.0/maven-settings-builder-3.0.jar:/home/Aastha/.m2/repository/org/apache/maven/maven-repository-metadata/3.0/maven-repository-metadata-3.0.jar:/home/Aastha/.m2/repository/org/apache/maven/maven-model-builder/3.0/maven-model-builder-3.0.jar:/home/Aastha/.m2/repository/org/apache/maven/maven-aether-provider/3.0/maven-aether-provider-3.0.jar:/home/Aastha/.m2/repository/org/sonatype/aether/aether-impl/1.7/aether-impl-1.7.jar:/home/Aastha/.m2/repository/org/sonatype/aether/aether-spi/1.7/aether-spi-1.7.jar:/home/Aastha/.m2/repository/org/sonatype/aether/aether-api/1.7/aether-api-1.7.jar:/home/Aastha/.m2/repository/org/sonatype/aether/aether-util/1.7/aether-util-1.7.jar:/home/Aastha/.m2/repository/org/sonatype/sisu/sisu-inject-plexus/1.4.2/sisu-inject-plexus-1.4.2.jar:/home/Aastha/.m2/repository/org/sonatype/sisu/sisu-inject-bean/1.4.2/sisu-inject-bean-1.4.2.jar:/home/Aastha/.m2/repository/org/sonatype/sisu/sisu-guice/2.1.7/sisu-guice-2.1.7-noaop.jar:/home/Aastha/.m2/repository/org/sonatype/plexus/plexus-sec-dispatcher/1.3/plexus-sec-dispatcher-1.3.jar:/home/Aastha/.m2/repository/org/sonatype/plexus/plexus-cipher/1.4/plexus-cipher-1.4.jar:/home/Aastha/.m2/repository/org/codehaus/plexus/plexus-interpolation/1.25/plexus-interpolation-1.25.jar:/home/Aastha/.m2/repository/com/thoughtworks/xstream/xstream/1.4.10/xstream-1.4.10.jar:/home/Aastha/.m2/repository/xmlpull/xmlpull/1.1.3.1/xmlpull-1.1.3.1.jar:/home/Aastha/.m2/repository/xpp3/xpp3_min/1.1.4c/xpp3_min-1.1.4c.jar:/home/Aastha/.m2/repository/org/apache/maven/shared/maven-mapping/3.0.0/maven-mapping-3.0.0.jar:"/>
    <property name="java.vm.vendor" value="Ubuntu"/>
    <property name="sun.arch.data.model" value="64"/>
    <property name="java.vendor.url" value="https://ubuntu.com/"/>
    <property name="user.timezone" value=""/>
    <property name="java.vm.specification.version" value="11"/>
    <property name="os.name" value="Linux"/>
    <property name="sun.java.launcher" value="SUN_STANDARD"/>
    <property name="sun.boot.library.path" value="/usr/lib/jvm/java-11-openjdk-amd64/lib"/>
    <property name="sun.java.command" value="/home/Aastha/AntExampleMaven/target/surefire/surefirebooter9136623188174084521.jar /home/Aastha/AntExampleMaven/target/surefire 2019-08-12T10-42-02_259-jvmRun1 surefire7828731146240041099tmp surefire_016578514313859370846tmp"/>
    <property name="jdk.debug" value="release"/>
    <property name="surefire.test.class.path" value="/home/Aastha/AntExampleMaven/target/test-classes:/home/Aastha/AntExampleMaven/target/classes:/home/Aastha/.m2/repository/junit/junit/4.12/junit-4.12.jar:/home/Aastha/.m2/repository/org/hamcrest/hamcrest-core/1.3/hamcrest-core-1.3.jar:/home/Aastha/.m2/repository/org/hamcrest/hamcrest-library/1.3/hamcrest-library-1.3.jar:/home/Aastha/.m2/repository/org/apache/tomcat/maven/tomcat7-maven-plugin/2.2/tomcat7-maven-plugin-2.2.jar:/home/Aastha/.m2/repository/org/apache/tomcat/embed/tomcat-embed-core/7.0.47/tomcat-embed-core-7.0.47.jar:/home/Aastha/.m2/repository/org/apache/tomcat/tomcat-util/7.0.47/tomcat-util-7.0.47.jar:/home/Aastha/.m2/repository/org/apache/tomcat/tomcat-coyote/7.0.47/tomcat-coyote-7.0.47.jar:/home/Aastha/.m2/repository/org/apache/tomcat/tomcat-api/7.0.47/tomcat-api-7.0.47.jar:/home/Aastha/.m2/repository/org/apache/tomcat/tomcat-jdbc/7.0.47/tomcat-jdbc-7.0.47.jar:/home/Aastha/.m2/repository/org/apache/tomcat/tomcat-dbcp/7.0.47/tomcat-dbcp-7.0.47.jar:/home/Aastha/.m2/repository/org/apache/tomcat/tomcat-servlet-api/7.0.47/tomcat-servlet-api-7.0.47.jar:/home/Aastha/.m2/repository/org/apache/tomcat/tomcat-jsp-api/7.0.47/tomcat-jsp-api-7.0.47.jar:/home/Aastha/.m2/repository/org/apache/tomcat/tomcat-jasper/7.0.47/tomcat-jasper-7.0.47.jar:/home/Aastha/.m2/repository/org/apache/tomcat/tomcat-jasper-el/7.0.47/tomcat-jasper-el-7.0.47.jar:/home/Aastha/.m2/repository/org/apache/tomcat/tomcat-el-api/7.0.47/tomcat-el-api-7.0.47.jar:/home/Aastha/.m2/repository/org/apache/tomcat/tomcat-catalina/7.0.47/tomcat-catalina-7.0.47.jar:/home/Aastha/.m2/repository/org/apache/tomcat/tomcat-tribes/7.0.47/tomcat-tribes-7.0.47.jar:/home/Aastha/.m2/repository/org/apache/tomcat/tomcat-catalina-ha/7.0.47/tomcat-catalina-ha-7.0.47.jar:/home/Aastha/.m2/repository/org/apache/tomcat/tomcat-annotations-api/7.0.47/tomcat-annotations-api-7.0.47.jar:/home/Aastha/.m2/repository/org/apache/tomcat/tomcat-juli/7.0.47/tomcat-juli-7.0.47.jar:/home/Aastha/.m2/repository/org/apache/tomcat/embed/tomcat-embed-logging-juli/7.0.47/tomcat-embed-logging-juli-7.0.47.jar:/home/Aastha/.m2/repository/org/apache/tomcat/embed/tomcat-embed-logging-log4j/7.0.47/tomcat-embed-logging-log4j-7.0.47.jar:/home/Aastha/.m2/repository/org/eclipse/jdt/core/compiler/ecj/4.2.2/ecj-4.2.2.jar:/home/Aastha/.m2/repository/org/apache/tomcat/maven/common-tomcat-maven-plugin/2.2/common-tomcat-maven-plugin-2.2.jar:/home/Aastha/.m2/repository/org/apache/maven/maven-project/2.2.1/maven-project-2.2.1.jar:/home/Aastha/.m2/repository/org/apache/maven/maven-profile/2.2.1/maven-profile-2.2.1.jar:/home/Aastha/.m2/repository/org/apache/maven/maven-artifact-manager/2.2.1/maven-artifact-manager-2.2.1.jar:/home/Aastha/.m2/repository/org/apache/maven/wagon/wagon-provider-api/1.0-beta-6/wagon-provider-api-1.0-beta-6.jar:/home/Aastha/.m2/repository/backport-util-concurrent/backport-util-concurrent/3.1/backport-util-concurrent-3.1.jar:/home/Aastha/.m2/repository/org/apache/maven/maven-plugin-registry/2.2.1/maven-plugin-registry-2.2.1.jar:/home/Aastha/.m2/repository/com/google/guava/guava/10.0.1/guava-10.0.1.jar:/home/Aastha/.m2/repository/com/google/code/findbugs/jsr305/1.3.9/jsr305-1.3.9.jar:/home/Aastha/.m2/repository/org/apache/httpcomponents/httpclient/4.3.1/httpclient-4.3.1.jar:/home/Aastha/.m2/repository/org/apache/httpcomponents/httpcore/4.3/httpcore-4.3.jar:/home/Aastha/.m2/repository/org/codehaus/plexus/plexus-component-annotations/1.5.5/plexus-component-annotations-1.5.5.jar:/home/Aastha/.m2/repository/commons-codec/commons-codec/1.6/commons-codec-1.6.jar:/home/Aastha/.m2/repository/org/apache/tomcat/maven/tomcat7-war-runner/2.2/tomcat7-war-runner-2.2.jar:/home/Aastha/.m2/repository/commons-cli/commons-cli/1.2/commons-cli-1.2.jar:/home/Aastha/.m2/repository/org/apache/maven/maven-plugin-api/2.2.1/maven-plugin-api-2.2.1.jar:/home/Aastha/.m2/repository/org/apache/maven/maven-archiver/2.4.2/maven-archiver-2.4.2.jar:/home/Aastha/.m2/repository/org/apache/maven/maven-artifact/2.0.6/maven-artifact-2.0.6.jar:/home/Aastha/.m2/repository/org/apache/maven/maven-model/2.0.6/maven-model-2.0.6.jar:/home/Aastha/.m2/repository/org/codehaus/plexus/plexus-classworlds/2.2.2/plexus-classworlds-2.2.2.jar:/home/Aastha/.m2/repository/commons-io/commons-io/2.2/commons-io-2.2.jar:/home/Aastha/.m2/repository/commons-lang/commons-lang/2.6/commons-lang-2.6.jar:/home/Aastha/.m2/repository/org/apache/commons/commons-compress/1.4.1/commons-compress-1.4.1.jar:/home/Aastha/.m2/repository/org/tukaani/xz/1.0/xz-1.0.jar:/home/Aastha/.m2/repository/org/codehaus/plexus/plexus-archiver/2.1.1/plexus-archiver-2.1.1.jar:/home/Aastha/.m2/repository/org/codehaus/plexus/plexus-container-default/1.0-alpha-9-stable-1/plexus-container-default-1.0-alpha-9-stable-1.jar:/home/Aastha/.m2/repository/classworlds/classworlds/1.1-alpha-2/classworlds-1.1-alpha-2.jar:/home/Aastha/.m2/repository/org/codehaus/plexus/plexus-io/2.0.3/plexus-io-2.0.3.jar:/home/Aastha/.m2/repository/org/codehaus/plexus/plexus-utils/3.0.15/plexus-utils-3.0.15.jar:/home/Aastha/.m2/repository/org/apache/maven/shared/maven-filtering/1.0/maven-filtering-1.0.jar:/home/Aastha/.m2/repository/org/apache/maven/maven-monitor/2.0.6/maven-monitor-2.0.6.jar:/home/Aastha/.m2/repository/org/apache/maven/maven-settings/2.0.6/maven-settings-2.0.6.jar:/home/Aastha/.m2/repository/org/sonatype/plexus/plexus-build-api/0.0.4/plexus-build-api-0.0.4.jar:/home/Aastha/.m2/repository/org/slf4j/jcl-over-slf4j/1.7.5/jcl-over-slf4j-1.7.5.jar:/home/Aastha/.m2/repository/org/slf4j/slf4j-api/1.7.5/slf4j-api-1.7.5.jar:/home/Aastha/.m2/repository/javax/servlet/javax.servlet-api/3.1.0/javax.servlet-api-3.1.0.jar:/home/Aastha/.m2/repository/org/springframework/spring-tx/3.0.0.RELEASE/spring-tx-3.0.0.RELEASE.jar:/home/Aastha/.m2/repository/aopalliance/aopalliance/1.0/aopalliance-1.0.jar:/home/Aastha/.m2/repository/org/springframework/spring-aop/3.0.0.RELEASE/spring-aop-3.0.0.RELEASE.jar:/home/Aastha/.m2/repository/org/springframework/spring-core/3.0.0.RELEASE/spring-core-3.0.0.RELEASE.jar:/home/Aastha/.m2/repository/org/antlr/antlr-runtime/3.0/antlr-runtime-3.0.jar:/home/Aastha/.m2/repository/commons-logging/commons-logging/1.0.4/commons-logging-1.0.4.jar:/home/Aastha/.m2/repository/org/springframework/spring-beans/3.0.0.M3/spring-beans-3.0.0.M3.jar:/home/Aastha/.m2/repository/org/springframework/org.springframework.core/3.0.0.M3/org.springframework.core-3.0.0.M3.jar:/home/Aastha/.m2/repository/org/apache/commons/com.springsource.org.apache.commons.logging/1.1.1/com.springsource.org.apache.commons.logging-1.1.1.jar:/home/Aastha/.m2/repository/org/springframework/spring-context/3.0.0.M3/spring-context-3.0.0.M3.jar:/home/Aastha/.m2/repository/org/springframework/spring-expression/3.0.0.M3/spring-expression-3.0.0.M3.jar:/home/Aastha/.m2/repository/org/antlr/antlr/3.0.1/antlr-3.0.1.jar:/home/Aastha/.m2/repository/org/antlr/stringtemplate/3.1-b1/stringtemplate-3.1-b1.jar:/home/Aastha/.m2/repository/antlr/antlr/2.7.7/antlr-2.7.7.jar:/home/Aastha/.m2/repository/org/springframework/spring-jdbc/3.0.0.M3/spring-jdbc-3.0.0.M3.jar:/home/Aastha/.m2/repository/org/springframework/spring-asm/3.0.0.M3/spring-asm-3.0.0.M3.jar:/home/Aastha/.m2/repository/org/springframework/org.springframework.web.servlet/3.0.0.M3/org.springframework.web.servlet-3.0.0.M3.jar:/home/Aastha/.m2/repository/org/springframework/org.springframework.beans/3.0.0.M3/org.springframework.beans-3.0.0.M3.jar:/home/Aastha/.m2/repository/org/springframework/org.springframework.context/3.0.0.M3/org.springframework.context-3.0.0.M3.jar:/home/Aastha/.m2/repository/org/springframework/org.springframework.asm/3.0.0.M3/org.springframework.asm-3.0.0.M3.jar:/home/Aastha/.m2/repository/org/springframework/org.springframework.expression/3.0.0.M3/org.springframework.expression-3.0.0.M3.jar:/home/Aastha/.m2/repository/org/antlr/com.springsource.org.antlr/3.0.1/com.springsource.org.antlr-3.0.1.jar:/home/Aastha/.m2/repository/org/springframework/spring-context-support/3.0.0.M3/spring-context-support-3.0.0.M3.jar:/home/Aastha/.m2/repository/javax/transaction/jta/1.1/jta-1.1.jar:/home/Aastha/.m2/repository/org/springframework/org.springframework.web/3.0.0.M3/org.springframework.web-3.0.0.M3.jar:/home/Aastha/.m2/repository/org/aopalliance/com.springsource.org.aopalliance/1.0.0/com.springsource.org.aopalliance-1.0.0.jar:/home/Aastha/.m2/repository/org/springframework/org.springframework.aop/3.0.0.M3/org.springframework.aop-3.0.0.M3.jar:/home/Aastha/.m2/repository/org/springframework/org.springframework.oxm/3.0.0.M3/org.springframework.oxm-3.0.0.M3.jar:/home/Aastha/.m2/repository/org/apache/maven/plugins/maven-war-plugin/3.2.3/maven-war-plugin-3.2.3.jar:/home/Aastha/.m2/repository/org/apache/maven/maven-core/3.0/maven-core-3.0.jar:/home/Aastha/.m2/repository/org/apache/maven/maven-settings-builder/3.0/maven-settings-builder-3.0.jar:/home/Aastha/.m2/repository/org/apache/maven/maven-repository-metadata/3.0/maven-repository-metadata-3.0.jar:/home/Aastha/.m2/repository/org/apache/maven/maven-model-builder/3.0/maven-model-builder-3.0.jar:/home/Aastha/.m2/repository/org/apache/maven/maven-aether-provider/3.0/maven-aether-provider-3.0.jar:/home/Aastha/.m2/repository/org/sonatype/aether/aether-impl/1.7/aether-impl-1.7.jar:/home/Aastha/.m2/repository/org/sonatype/aether/aether-spi/1.7/aether-spi-1.7.jar:/home/Aastha/.m2/repository/org/sonatype/aether/aether-api/1.7/aether-api-1.7.jar:/home/Aastha/.m2/repository/org/sonatype/aether/aether-util/1.7/aether-util-1.7.jar:/home/Aastha/.m2/repository/org/sonatype/sisu/sisu-inject-plexus/1.4.2/sisu-inject-plexus-1.4.2.jar:/home/Aastha/.m2/repository/org/sonatype/sisu/sisu-inject-bean/1.4.2/sisu-inject-bean-1.4.2.jar:/home/Aastha/.m2/repository/org/sonatype/sisu/sisu-guice/2.1.7/sisu-guice-2.1.7-noaop.jar:/home/Aastha/.m2/repository/org/sonatype/plexus/plexus-sec-dispatcher/1.3/plexus-sec-dispatcher-1.3.jar:/home/Aastha/.m2/repository/org/sonatype/plexus/plexus-cipher/1.4/plexus-cipher-1.4.jar:/home/Aastha/.m2/repository/org/codehaus/plexus/plexus-interpolation/1.25/plexus-interpolation-1.25.jar:/home/Aastha/.m2/repository/com/thoughtworks/xstream/xstream/1.4.10/xstream-1.4.10.jar:/home/Aastha/.m2/repository/xmlpull/xmlpull/1.1.3.1/xmlpull-1.1.3.1.jar:/home/Aastha/.m2/repository/xpp3/xpp3_min/1.1.4c/xpp3_min-1.1.4c.jar:/home/Aastha/.m2/repository/org/apache/maven/shared/maven-mapping/3.0.0/maven-mapping-3.0.0.jar:"/>
    <property name="sun.cpu.endian" value="little"/>
    <property name="user.home" value="/home/Aastha"/>
    <property name="user.language" value="en"/>
    <property name="java.specification.vendor" value="Oracle Corporation"/>
    <property name="java.version.date" value="2019-07-16"/>
    <property name="java.home" value="/usr/lib/jvm/java-11-openjdk-amd64"/>
    <property name="file.separator" value="/"/>
    <property name="basedir" value="/home/Aastha/AntExampleMaven"/>
    <property name="java.vm.compressedOopsMode" value="32-bit"/>
    <property name="line.separator" value="&#10;"/>
    <property name="java.specification.name" value="Java Platform API Specification"/>
    <property name="java.vm.specification.vendor" value="Oracle Corporation"/>
    <property name="java.awt.graphicsenv" value="sun.awt.X11GraphicsEnvironment"/>
    <property name="surefire.real.class.path" value="/home/Aastha/AntExampleMaven/target/surefire/surefirebooter9136623188174084521.jar"/>
    <property name="sun.management.compiler" value="HotSpot 64-Bit Tiered Compilers"/>
    <property name="java.runtime.version" value="11.0.4+11-post-Ubuntu-1ubuntu218.04.3"/>
    <property name="user.name" value="Aastha"/>
    <property name="path.separator" value=":"/>
    <property name="os.version" value="4.15.0-1044-aws"/>
    <property name="java.runtime.name" value="OpenJDK Runtime Environment"/>
    <property name="file.encoding" value="UTF-8"/>
    <property name="java.vm.name" value="OpenJDK 64-Bit Server VM"/>
    <property name="localRepository" value="/home/Aastha/.m2/repository"/>
    <property name="java.vendor.url.bug" value="https://bugs.launchpad.net/ubuntu/+source/openjdk-lts"/>
    <property name="java.io.tmpdir" value="/tmp"/>
    <property name="java.version" value="11.0.4"/>
    <property name="user.dir" value="/home/Aastha/AntExampleMaven"/>
    <property name="os.arch" value="amd64"/>
    <property name="java.vm.specification.name" value="Java Virtual Machine Specification"/>
    <property name="java.awt.printerjob" value="sun.print.PSPrinterJob"/>
    <property name="sun.os.patch.level" value="unknown"/>
    <property name="java.library.path" value="/usr/java/packages/lib:/usr/lib/x86_64-linux-gnu/jni:/lib/x86_64-linux-gnu:/usr/lib/x86_64-linux-gnu:/usr/lib/jni:/lib:/usr/lib"/>
    <property name="java.vendor" value="Ubuntu"/>
    <property name="java.vm.info" value="mixed mode, sharing"/>
    <property name="java.vm.version" value="11.0.4+11-post-Ubuntu-1ubuntu218.04.3"/>
    <property name="sun.io.unicode.encoding" value="UnicodeLittle"/>
    <property name="java.class.version" value="55.0"/>
  </properties>
  <testcase name="tes9" classname="com.vaannila.TestClass2" time="0"/>
  <testcase name="test5" classname="com.vaannila.TestClass2" time="0"/>
  <testcase name="test6" classname="com.vaannila.TestClass2" time="0"/>
  <testcase name="test7" classname="com.vaannila.TestClass2" time="0.001"/>
  <testcase name="test8" classname="com.vaannila.TestClass2" time="0"/>
</testsuite>